<?xml version="1.0" encoding="UTF-8"?>
<!-- Generated by org.testng.reporters.JUnitXMLReporter -->
<testsuite hostname="Acer" ignored="0" name="Test" tests="4" failures="0" timestamp="19 Aug 2018 06:57:10 GMT" time="53.046" errors="0">
  <testcase name="m1" time="0.015" classname="validui.testcases.CheckTestng"/>
  <testcase name="m2" time="0.011" classname="validui.testcases.CheckTestng"/>
  <testcase name="login" time="19.063" classname="validui.testcases.TC002_VerifyLogin"/>
  <testcase name="login" time="33.075" classname="validui.testcases.TC001_VerifyLogin"/>
</testsuite> <!-- Test -->
