<?xml version="1.0" encoding="UTF-8"?>
<testng-results skipped="0" failed="0" ignored="0" total="2" passed="2">
  <reporter-output>
  </reporter-output>
  <suite name="Default suite" duration-ms="31180" started-at="2018-08-26T11:17:30Z" finished-at="2018-08-26T11:18:01Z">
    <groups>
    </groups>
    <test name="Default test" duration-ms="31180" started-at="2018-08-26T11:17:30Z" finished-at="2018-08-26T11:18:01Z">
      <class name="validui.testcases.TC002_VerifyLogin">
        <test-method status="PASS" signature="launchportal()[pri:0, instance:validui.testcases.TC002_VerifyLogin@1753acfe]" name="launchportal" is-config="true" duration-ms="7998" started-at="2018-08-26T16:47:30Z" finished-at="2018-08-26T16:47:38Z">
          <reporter-output>
          </reporter-output>
        </test-method> <!-- launchportal -->
        <test-method status="PASS" signature="login()[pri:0, instance:validui.testcases.TC002_VerifyLogin@1753acfe]" name="login" duration-ms="21696" started-at="2018-08-26T16:47:38Z" finished-at="2018-08-26T16:48:00Z">
          <reporter-output>
          </reporter-output>
        </test-method> <!-- login -->
        <test-method status="PASS" signature="verifyApplicationName()[pri:0, instance:validui.testcases.TC002_VerifyLogin@1753acfe]" name="verifyApplicationName" duration-ms="990" started-at="2018-08-26T16:48:00Z" finished-at="2018-08-26T16:48:01Z">
          <reporter-output>
          </reporter-output>
        </test-method> <!-- verifyApplicationName -->
        <test-method status="PASS" signature="logoff()[pri:0, instance:validui.testcases.TC002_VerifyLogin@1753acfe]" name="logoff" is-config="true" duration-ms="453" started-at="2018-08-26T16:48:01Z" finished-at="2018-08-26T16:48:01Z">
          <reporter-output>
          </reporter-output>
        </test-method> <!-- logoff -->
      </class> <!-- validui.testcases.TC002_VerifyLogin -->
    </test> <!-- Default test -->
  </suite> <!-- Default suite -->
</testng-results>
